<?xml version="1.0" encoding="UTF-8"?>
<!-- Generated by org.testng.reporters.JUnitReportReporter -->
<testsuite hostname="damsnoida" failures="0" tests="1" name="testCases.TC000_AccountRegistrationPage" time="3.310" errors="0" timestamp="2025-02-13T12:47:26 IST" skipped="0">
  <testcase classname="testCases.TC000_AccountRegistrationPage" name="verify_login" time="3.310"/>
</testsuite> <!-- testCases.TC000_AccountRegistrationPage -->
