<?xml version="1.0" encoding="UTF-8"?>
<!-- Generated by org.testng.reporters.JUnitReportReporter -->
<testsuite hostname="damsnoida" failures="0" tests="1" name="testCases.TC000008_LoginTest2AddGroups2andExtendReportsManager" time="4.267" errors="0" timestamp="2025-02-13T14:28:43 IST" skipped="0">
  <testcase classname="testCases.TC000008_LoginTest2AddGroups2andExtendReportsManager" name="verify_login" time="4.267"/>
</testsuite> <!-- testCases.TC000008_LoginTest2AddGroups2andExtendReportsManager -->
