<?xml version="1.0" encoding="UTF-8"?>
<!-- Generated by org.testng.reporters.JUnitReportReporter -->
<testsuite hostname="damsnoida" failures="0" tests="1" name="testCases.TC0000_RandomAccountRegistrationPage" time="5.507" errors="0" timestamp="2025-01-17T15:28:57 IST" skipped="0">
  <testcase classname="testCases.TC0000_RandomAccountRegistrationPage" name="verify_login" time="5.507"/>
</testsuite> <!-- testCases.TC0000_RandomAccountRegistrationPage -->
