<?xml version="1.0" encoding="UTF-8"?>
<!-- Generated by org.testng.reporters.JUnitReportReporter -->
<testsuite hostname="damsnoida" failures="0" tests="1" name="testCases.TC0001_LoginTest1" time="2.475" errors="0" timestamp="2025-01-22T12:41:09 IST" skipped="0">
  <testcase classname="testCases.TC0001_LoginTest1" name="verify_login" time="2.475"/>
</testsuite> <!-- testCases.TC0001_LoginTest1 -->
