<?xml version="1.0" encoding="UTF-8"?>
<!-- Generated by org.testng.reporters.JUnitReportReporter -->
<testsuite hostname="damsnoida" failures="0" tests="1" name="testCases.Tc001_LoginPage2practise" time="2.130" errors="0" timestamp="2025-02-13T12:49:01 IST" skipped="0">
  <testcase classname="testCases.Tc001_LoginPage2practise" name="verify_login" time="2.130"/>
</testsuite> <!-- testCases.Tc001_LoginPage2practise -->
