<?xml version="1.0" encoding="UTF-8"?>
<!-- Generated by org.testng.reporters.JUnitReportReporter -->
<testsuite hostname="damsnoida" failures="0" tests="1" name="testCases.Tc001_LoginPage2" time="1.210" errors="0" timestamp="2025-01-14T14:29:13 IST" skipped="0">
  <testcase classname="testCases.Tc001_LoginPage2" name="verify_registration" time="1.210"/>
</testsuite> <!-- testCases.Tc001_LoginPage2 -->
