<?xml version="1.0" encoding="UTF-8"?>
<!-- Generated by org.testng.reporters.JUnitReportReporter -->
<testsuite hostname="damsnoida" failures="0" tests="1" name="testCases.TC000009_LoginTest2AddGroups2andExtendReportsManager2afterGridTest" time="6.883" errors="0" timestamp="2025-02-14T11:48:53 IST" skipped="0">
  <testcase classname="testCases.TC000009_LoginTest2AddGroups2andExtendReportsManager2afterGridTest" name="verify_login" time="6.883"/>
</testsuite> <!-- testCases.TC000009_LoginTest2AddGroups2andExtendReportsManager2afterGridTest -->
